2023-06-29T09:09:22.463Z: 吴雯洁 r192302911
2023-07-03T01:33:13.740Z: 陈澎 r192302791
2023-07-03T02:04:18.269Z: 王冰玉 r192303071
2023-07-03T07:15:34.542Z: 陈澎 r192302791
2023-07-03T07:17:50.599Z: 刘淑雯 r192302293
2023-07-03T07:25:34.772Z: 陈澎 r192302791
2023-07-03T07:33:41.650Z: 刘淑雯 r192302293
2023-07-03T08:52:01.717Z: 刘淑雯 r192302293
2023-07-03T08:56:01.653Z: 孔令祺 r192302043
2023-07-03T08:58:52.533Z: 孔令祺 r192302043
2023-07-03T09:08:14.141Z: 陈澎 r192302791
2023-07-03T11:08:18.307Z: 陈澎 r192302791
2023-07-03T11:16:17.071Z: 陈澎 r192302791
2023-07-04T02:31:26.940Z: 吴雯洁 r192302911
2023-07-04T02:31:46.962Z: 吴雯洁 r192302911
2023-07-04T07:42:05.541Z: 陈澎 r192302791
2023-07-04T07:44:54.539Z: 陈澎 r192302791
2023-08-01T01:23:13.065Z: 王冰玉 r192303071
2023-08-01T01:24:34.365Z: 陈澎 r192302791
2023-08-02T01:47:17.243Z: 陈澎 r192302791
2023-08-02T01:52:36.439Z: 陈澎 r192302791
2023-08-02T01:53:24.757Z: 陈澎 r192302791
2023-08-02T01:55:15.494Z: 陈澎 r192302791
2023-08-02T01:59:21.665Z: 陈澎 r192302791
2023-08-02T02:03:32.744Z: 陈澎 r192302791
2023-08-02T02:05:29.473Z: 陈澎 r192302791
2023-08-02T02:07:44.565Z: 陈澎 r192302791
2023-08-02T02:12:30.000Z: 陈澎 r192302791
2023-08-02T02:22:06.962Z: 陈澎 r192302791
2023-08-02T02:26:05.688Z: 陈澎 r192302791
2023-08-02T02:30:13.174Z: 陈澎 r192302791
2023-08-02T02:37:39.765Z: 陈澎 r192302791
2023-08-02T02:40:50.362Z: 陈澎 r192302791
2023-08-02T02:41:08.907Z: 陈澎 r192302791
2023-08-02T02:42:48.872Z: 陈澎 r192302791
2023-08-10T05:45:02.548Z: 刘淑雯 r192302293
